2025-05-28 21:04:21,075 - INFO - Starting training PRETRAINED_UNET...
2025-05-28 21:04:52,087 - INFO - Epoch 1/50
2025-05-28 21:04:52,088 - INFO - Train Loss: 0.6836, Dice: 0.5337, IoU: 0.3942
2025-05-28 21:04:52,088 - INFO - Val Loss: 0.4240, Dice: 0.7323, IoU: 0.5832
2025-05-28 21:05:18,127 - INFO - Epoch 2/50
2025-05-28 21:05:18,127 - INFO - Train Loss: 0.4100, Dice: 0.7418, IoU: 0.5917
2025-05-28 21:05:18,127 - INFO - Val Loss: 0.3183, Dice: 0.8017, IoU: 0.6717
2025-05-28 21:05:44,054 - INFO - Epoch 3/50
2025-05-28 21:05:44,054 - INFO - Train Loss: 0.3683, Dice: 0.7673, IoU: 0.6241
2025-05-28 21:05:44,054 - INFO - Val Loss: 0.3914, Dice: 0.7284, IoU: 0.5853
2025-05-28 21:06:09,465 - INFO - Epoch 4/50
2025-05-28 21:06:09,465 - INFO - Train Loss: 0.3359, Dice: 0.7880, IoU: 0.6516
2025-05-28 21:06:09,465 - INFO - Val Loss: 0.3447, Dice: 0.7859, IoU: 0.6500
2025-05-28 21:06:35,306 - INFO - Epoch 5/50
2025-05-28 21:06:35,306 - INFO - Train Loss: 0.3228, Dice: 0.7959, IoU: 0.6628
2025-05-28 21:06:35,306 - INFO - Val Loss: 0.2794, Dice: 0.8225, IoU: 0.7009
2025-05-28 21:07:01,564 - INFO - Epoch 6/50
2025-05-28 21:07:01,564 - INFO - Train Loss: 0.3329, Dice: 0.7908, IoU: 0.6563
2025-05-28 21:07:01,564 - INFO - Val Loss: 0.2720, Dice: 0.8260, IoU: 0.7063
2025-05-28 21:07:27,954 - INFO - Epoch 7/50
2025-05-28 21:07:27,954 - INFO - Train Loss: 0.3030, Dice: 0.8090, IoU: 0.6812
2025-05-28 21:07:27,954 - INFO - Val Loss: 0.2811, Dice: 0.8207, IoU: 0.6976
2025-05-28 21:07:52,846 - INFO - Epoch 8/50
2025-05-28 21:07:52,846 - INFO - Train Loss: 0.2882, Dice: 0.8184, IoU: 0.6941
2025-05-28 21:07:52,846 - INFO - Val Loss: 0.2809, Dice: 0.8230, IoU: 0.7017
2025-05-28 21:08:17,898 - INFO - Epoch 9/50
2025-05-28 21:08:17,898 - INFO - Train Loss: 0.3026, Dice: 0.8118, IoU: 0.6858
2025-05-28 21:08:17,898 - INFO - Val Loss: 0.2960, Dice: 0.8139, IoU: 0.6892
2025-05-28 21:08:43,267 - INFO - Epoch 10/50
2025-05-28 21:08:43,267 - INFO - Train Loss: 0.2985, Dice: 0.8131, IoU: 0.6867
2025-05-28 21:08:43,267 - INFO - Val Loss: 0.2285, Dice: 0.8487, IoU: 0.7395
2025-05-28 21:08:43,507 - INFO - Unfreezing encoder from layer4 for fine-tuning...
2025-05-28 21:09:12,395 - INFO - Epoch 11/50
2025-05-28 21:09:12,395 - INFO - Train Loss: 0.2651, Dice: 0.8336, IoU: 0.7159
2025-05-28 21:09:12,396 - INFO - Val Loss: 0.2172, Dice: 0.8577, IoU: 0.7527
2025-05-28 21:09:41,166 - INFO - Epoch 12/50
2025-05-28 21:09:41,166 - INFO - Train Loss: 0.2464, Dice: 0.8453, IoU: 0.7328
2025-05-28 21:09:41,166 - INFO - Val Loss: 0.2109, Dice: 0.8617, IoU: 0.7587
2025-05-28 21:10:09,782 - INFO - Epoch 13/50
2025-05-28 21:10:09,782 - INFO - Train Loss: 0.2364, Dice: 0.8512, IoU: 0.7417
2025-05-28 21:10:09,782 - INFO - Val Loss: 0.2038, Dice: 0.8656, IoU: 0.7646
2025-05-28 21:10:38,222 - INFO - Epoch 14/50
2025-05-28 21:10:38,223 - INFO - Train Loss: 0.2241, Dice: 0.8589, IoU: 0.7533
2025-05-28 21:10:38,223 - INFO - Val Loss: 0.1998, Dice: 0.8679, IoU: 0.7683
2025-05-28 21:11:06,758 - INFO - Epoch 15/50
2025-05-28 21:11:06,758 - INFO - Train Loss: 0.2158, Dice: 0.8636, IoU: 0.7605
2025-05-28 21:11:06,758 - INFO - Val Loss: 0.1949, Dice: 0.8707, IoU: 0.7726
2025-05-28 21:11:35,339 - INFO - Epoch 16/50
2025-05-28 21:11:35,341 - INFO - Train Loss: 0.2049, Dice: 0.8700, IoU: 0.7704
2025-05-28 21:11:35,341 - INFO - Val Loss: 0.1925, Dice: 0.8721, IoU: 0.7747
2025-05-28 21:12:03,808 - INFO - Epoch 17/50
2025-05-28 21:12:03,808 - INFO - Train Loss: 0.1986, Dice: 0.8741, IoU: 0.7767
2025-05-28 21:12:03,808 - INFO - Val Loss: 0.1883, Dice: 0.8750, IoU: 0.7792
2025-05-28 21:12:32,322 - INFO - Epoch 18/50
2025-05-28 21:12:32,322 - INFO - Train Loss: 0.1932, Dice: 0.8772, IoU: 0.7816
2025-05-28 21:12:32,322 - INFO - Val Loss: 0.1868, Dice: 0.8766, IoU: 0.7815
2025-05-28 21:13:00,509 - INFO - Epoch 19/50
2025-05-28 21:13:00,509 - INFO - Train Loss: 0.1856, Dice: 0.8817, IoU: 0.7888
2025-05-28 21:13:00,509 - INFO - Val Loss: 0.1843, Dice: 0.8770, IoU: 0.7825
2025-05-28 21:13:28,539 - INFO - Epoch 20/50
2025-05-28 21:13:28,539 - INFO - Train Loss: 0.1794, Dice: 0.8855, IoU: 0.7948
2025-05-28 21:13:28,539 - INFO - Val Loss: 0.1774, Dice: 0.8814, IoU: 0.7894
2025-05-28 21:13:57,255 - INFO - Epoch 21/50
2025-05-28 21:13:57,255 - INFO - Train Loss: 0.1744, Dice: 0.8884, IoU: 0.7995
2025-05-28 21:13:57,255 - INFO - Val Loss: 0.1775, Dice: 0.8815, IoU: 0.7893
2025-05-28 21:14:24,949 - INFO - Epoch 22/50
2025-05-28 21:14:24,949 - INFO - Train Loss: 0.1716, Dice: 0.8902, IoU: 0.8024
2025-05-28 21:14:24,949 - INFO - Val Loss: 0.1713, Dice: 0.8858, IoU: 0.7962
2025-05-28 21:14:52,610 - INFO - Epoch 23/50
2025-05-28 21:14:52,610 - INFO - Train Loss: 0.1667, Dice: 0.8930, IoU: 0.8070
2025-05-28 21:14:52,610 - INFO - Val Loss: 0.1684, Dice: 0.8877, IoU: 0.7991
2025-05-28 21:15:20,427 - INFO - Epoch 24/50
2025-05-28 21:15:20,428 - INFO - Train Loss: 0.1633, Dice: 0.8951, IoU: 0.8104
2025-05-28 21:15:20,428 - INFO - Val Loss: 0.1687, Dice: 0.8868, IoU: 0.7978
2025-05-28 21:15:49,113 - INFO - Epoch 25/50
2025-05-28 21:15:49,113 - INFO - Train Loss: 0.1602, Dice: 0.8970, IoU: 0.8134
2025-05-28 21:15:49,113 - INFO - Val Loss: 0.1670, Dice: 0.8884, IoU: 0.8001
2025-05-28 21:16:18,270 - INFO - Epoch 26/50
2025-05-28 21:16:18,270 - INFO - Train Loss: 0.1574, Dice: 0.8985, IoU: 0.8159
2025-05-28 21:16:18,270 - INFO - Val Loss: 0.1632, Dice: 0.8912, IoU: 0.8047
2025-05-28 21:16:46,621 - INFO - Epoch 27/50
2025-05-28 21:16:46,621 - INFO - Train Loss: 0.1526, Dice: 0.9016, IoU: 0.8210
2025-05-28 21:16:46,621 - INFO - Val Loss: 0.1615, Dice: 0.8915, IoU: 0.8053
2025-05-28 21:17:15,579 - INFO - Epoch 28/50
2025-05-28 21:17:15,579 - INFO - Train Loss: 0.1511, Dice: 0.9023, IoU: 0.8222
2025-05-28 21:17:15,579 - INFO - Val Loss: 0.1627, Dice: 0.8913, IoU: 0.8048
2025-05-28 21:17:43,724 - INFO - Epoch 29/50
2025-05-28 21:17:43,724 - INFO - Train Loss: 0.1501, Dice: 0.9028, IoU: 0.8231
2025-05-28 21:17:43,725 - INFO - Val Loss: 0.1595, Dice: 0.8932, IoU: 0.8079
2025-05-28 21:18:13,367 - INFO - Epoch 30/50
2025-05-28 21:18:13,367 - INFO - Train Loss: 0.1467, Dice: 0.9050, IoU: 0.8266
2025-05-28 21:18:13,367 - INFO - Val Loss: 0.1611, Dice: 0.8917, IoU: 0.8057
2025-05-28 21:18:41,898 - INFO - Epoch 31/50
2025-05-28 21:18:41,898 - INFO - Train Loss: 0.1450, Dice: 0.9061, IoU: 0.8285
2025-05-28 21:18:41,898 - INFO - Val Loss: 0.1596, Dice: 0.8931, IoU: 0.8079
2025-05-28 21:19:10,038 - INFO - Epoch 32/50
2025-05-28 21:19:10,039 - INFO - Train Loss: 0.1434, Dice: 0.9070, IoU: 0.8300
2025-05-28 21:19:10,039 - INFO - Val Loss: 0.1586, Dice: 0.8941, IoU: 0.8093
2025-05-28 21:19:39,622 - INFO - Epoch 33/50
2025-05-28 21:19:39,622 - INFO - Train Loss: 0.1429, Dice: 0.9071, IoU: 0.8302
2025-05-28 21:19:39,622 - INFO - Val Loss: 0.1564, Dice: 0.8951, IoU: 0.8110
2025-05-28 21:20:08,430 - INFO - Epoch 34/50
2025-05-28 21:20:08,430 - INFO - Train Loss: 0.1405, Dice: 0.9087, IoU: 0.8329
2025-05-28 21:20:08,432 - INFO - Val Loss: 0.1560, Dice: 0.8954, IoU: 0.8116
2025-05-28 21:20:37,154 - INFO - Epoch 35/50
2025-05-28 21:20:37,154 - INFO - Train Loss: 0.1380, Dice: 0.9103, IoU: 0.8354
2025-05-28 21:20:37,154 - INFO - Val Loss: 0.1542, Dice: 0.8965, IoU: 0.8134
2025-05-28 21:21:05,877 - INFO - Epoch 36/50
2025-05-28 21:21:05,878 - INFO - Train Loss: 0.1379, Dice: 0.9102, IoU: 0.8354
2025-05-28 21:21:05,878 - INFO - Val Loss: 0.1537, Dice: 0.8966, IoU: 0.8134
2025-05-28 21:21:34,193 - INFO - Epoch 37/50
2025-05-28 21:21:34,193 - INFO - Train Loss: 0.1361, Dice: 0.9113, IoU: 0.8371
2025-05-28 21:21:34,193 - INFO - Val Loss: 0.1528, Dice: 0.8970, IoU: 0.8142
2025-05-28 21:22:02,318 - INFO - Epoch 38/50
2025-05-28 21:22:02,318 - INFO - Train Loss: 0.1371, Dice: 0.9107, IoU: 0.8362
2025-05-28 21:22:02,318 - INFO - Val Loss: 0.1541, Dice: 0.8962, IoU: 0.8128
2025-05-28 21:22:30,714 - INFO - Epoch 39/50
2025-05-28 21:22:30,714 - INFO - Train Loss: 0.1363, Dice: 0.9112, IoU: 0.8370
2025-05-28 21:22:30,715 - INFO - Val Loss: 0.1518, Dice: 0.8976, IoU: 0.8152
2025-05-28 21:22:59,315 - INFO - Epoch 40/50
2025-05-28 21:22:59,315 - INFO - Train Loss: 0.1339, Dice: 0.9126, IoU: 0.8393
2025-05-28 21:22:59,316 - INFO - Val Loss: 0.1509, Dice: 0.8986, IoU: 0.8167
2025-05-28 21:23:28,244 - INFO - Epoch 41/50
2025-05-28 21:23:28,244 - INFO - Train Loss: 0.1317, Dice: 0.9139, IoU: 0.8416
2025-05-28 21:23:28,244 - INFO - Val Loss: 0.1495, Dice: 0.8995, IoU: 0.8183
2025-05-28 21:23:56,736 - INFO - Epoch 42/50
2025-05-28 21:23:56,736 - INFO - Train Loss: 0.1330, Dice: 0.9132, IoU: 0.8403
2025-05-28 21:23:56,736 - INFO - Val Loss: 0.1487, Dice: 0.8999, IoU: 0.8188
2025-05-28 21:24:25,217 - INFO - Epoch 43/50
2025-05-28 21:24:25,217 - INFO - Train Loss: 0.1311, Dice: 0.9143, IoU: 0.8423
2025-05-28 21:24:25,218 - INFO - Val Loss: 0.1484, Dice: 0.8998, IoU: 0.8187
2025-05-28 21:24:53,628 - INFO - Epoch 44/50
2025-05-28 21:24:53,628 - INFO - Train Loss: 0.1298, Dice: 0.9149, IoU: 0.8433
2025-05-28 21:24:53,628 - INFO - Val Loss: 0.1498, Dice: 0.8986, IoU: 0.8169
2025-05-28 21:25:21,971 - INFO - Epoch 45/50
2025-05-28 21:25:21,971 - INFO - Train Loss: 0.1289, Dice: 0.9157, IoU: 0.8446
2025-05-28 21:25:21,971 - INFO - Val Loss: 0.1465, Dice: 0.9007, IoU: 0.8203
2025-05-28 21:25:50,712 - INFO - Epoch 46/50
2025-05-28 21:25:50,713 - INFO - Train Loss: 0.1287, Dice: 0.9157, IoU: 0.8446
2025-05-28 21:25:50,713 - INFO - Val Loss: 0.1483, Dice: 0.8998, IoU: 0.8188
2025-05-28 21:26:20,017 - INFO - Epoch 47/50
2025-05-28 21:26:20,017 - INFO - Train Loss: 0.1269, Dice: 0.9168, IoU: 0.8465
2025-05-28 21:26:20,017 - INFO - Val Loss: 0.1488, Dice: 0.8991, IoU: 0.8176
2025-05-28 21:26:49,149 - INFO - Epoch 48/50
2025-05-28 21:26:49,150 - INFO - Train Loss: 0.1277, Dice: 0.9162, IoU: 0.8454
2025-05-28 21:26:49,150 - INFO - Val Loss: 0.1463, Dice: 0.9011, IoU: 0.8207
2025-05-28 21:27:18,370 - INFO - Epoch 49/50
2025-05-28 21:27:18,371 - INFO - Train Loss: 0.1270, Dice: 0.9166, IoU: 0.8462
2025-05-28 21:27:18,371 - INFO - Val Loss: 0.1470, Dice: 0.9009, IoU: 0.8205
2025-05-28 21:27:47,476 - INFO - Epoch 50/50
2025-05-28 21:27:47,477 - INFO - Train Loss: 0.1255, Dice: 0.9175, IoU: 0.8477
2025-05-28 21:27:47,477 - INFO - Val Loss: 0.1449, Dice: 0.9022, IoU: 0.8226
2025-05-28 21:27:48,111 - INFO - Training completed! Best model saved at checkpoints\pretrained_unet\best_pretrained_unet.pth
