2025-05-26 17:55:27,711 - INFO - Starting training PRETRAINED_UNET...
2025-05-26 17:56:52,007 - INFO - Starting training PRETRAINED_UNET...
2025-05-26 17:58:19,714 - INFO - Starting training PRETRAINED_UNET...
2025-05-26 18:01:00,346 - INFO - Starting training PRETRAINED_UNET...
2025-05-26 18:03:50,063 - INFO - Starting training PRETRAINED_UNET...
2025-05-26 18:04:19,537 - INFO - Epoch 1/50
2025-05-26 18:04:19,537 - INFO - Train Loss: 0.5885, Dice: 0.5990, IoU: 0.4565
2025-05-26 18:04:19,537 - INFO - Val Loss: 0.3287, Dice: 0.7824, IoU: 0.6483
2025-05-26 18:04:44,947 - INFO - Epoch 2/50
2025-05-26 18:04:44,950 - INFO - Train Loss: 0.3682, Dice: 0.7674, IoU: 0.6243
2025-05-26 18:04:44,950 - INFO - Val Loss: 0.2985, Dice: 0.8075, IoU: 0.6806
2025-05-26 18:05:10,447 - INFO - Epoch 3/50
2025-05-26 18:05:10,448 - INFO - Train Loss: 0.3230, Dice: 0.7957, IoU: 0.6621
2025-05-26 18:05:10,448 - INFO - Val Loss: 0.2511, Dice: 0.8331, IoU: 0.7169
2025-05-26 18:05:35,843 - INFO - Epoch 4/50
2025-05-26 18:05:35,843 - INFO - Train Loss: 0.2990, Dice: 0.8112, IoU: 0.6837
2025-05-26 18:05:35,843 - INFO - Val Loss: 0.2360, Dice: 0.8437, IoU: 0.7322
2025-05-26 18:06:01,327 - INFO - Epoch 5/50
2025-05-26 18:06:01,328 - INFO - Train Loss: 0.2799, Dice: 0.8229, IoU: 0.7004
2025-05-26 18:06:01,328 - INFO - Val Loss: 0.2419, Dice: 0.8438, IoU: 0.7315
2025-05-26 18:06:26,897 - INFO - Epoch 6/50
2025-05-26 18:06:26,897 - INFO - Train Loss: 0.2670, Dice: 0.8315, IoU: 0.7125
2025-05-26 18:06:26,898 - INFO - Val Loss: 0.2162, Dice: 0.8569, IoU: 0.7510
2025-05-26 18:06:52,446 - INFO - Epoch 7/50
2025-05-26 18:06:52,447 - INFO - Train Loss: 0.2601, Dice: 0.8358, IoU: 0.7189
2025-05-26 18:06:52,447 - INFO - Val Loss: 0.2519, Dice: 0.8346, IoU: 0.7190
2025-05-26 18:07:17,761 - INFO - Epoch 8/50
2025-05-26 18:07:17,761 - INFO - Train Loss: 0.2495, Dice: 0.8425, IoU: 0.7286
2025-05-26 18:07:17,761 - INFO - Val Loss: 0.2069, Dice: 0.8637, IoU: 0.7616
2025-05-26 18:07:43,238 - INFO - Epoch 9/50
2025-05-26 18:07:43,238 - INFO - Train Loss: 0.2387, Dice: 0.8494, IoU: 0.7390
2025-05-26 18:07:43,238 - INFO - Val Loss: 0.2129, Dice: 0.8604, IoU: 0.7566
2025-05-26 18:08:08,552 - INFO - Epoch 10/50
2025-05-26 18:08:08,552 - INFO - Train Loss: 0.2359, Dice: 0.8514, IoU: 0.7418
2025-05-26 18:08:08,552 - INFO - Val Loss: 0.1937, Dice: 0.8714, IoU: 0.7735
2025-05-26 18:08:34,084 - INFO - Epoch 11/50
2025-05-26 18:08:34,085 - INFO - Train Loss: 0.2278, Dice: 0.8563, IoU: 0.7495
2025-05-26 18:08:34,085 - INFO - Val Loss: 0.1959, Dice: 0.8701, IoU: 0.7717
2025-05-26 18:08:59,450 - INFO - Epoch 12/50
2025-05-26 18:08:59,450 - INFO - Train Loss: 0.2283, Dice: 0.8560, IoU: 0.7489
2025-05-26 18:08:59,451 - INFO - Val Loss: 0.1967, Dice: 0.8694, IoU: 0.7704
2025-05-26 18:09:24,779 - INFO - Epoch 13/50
2025-05-26 18:09:24,779 - INFO - Train Loss: 0.2293, Dice: 0.8553, IoU: 0.7481
2025-05-26 18:09:24,779 - INFO - Val Loss: 0.1996, Dice: 0.8682, IoU: 0.7685
2025-05-26 18:09:50,115 - INFO - Epoch 14/50
2025-05-26 18:09:50,115 - INFO - Train Loss: 0.2191, Dice: 0.8617, IoU: 0.7577
2025-05-26 18:09:50,115 - INFO - Val Loss: 0.1940, Dice: 0.8722, IoU: 0.7746
2025-05-26 18:10:15,493 - INFO - Epoch 15/50
2025-05-26 18:10:15,493 - INFO - Train Loss: 0.2157, Dice: 0.8639, IoU: 0.7611
2025-05-26 18:10:15,493 - INFO - Val Loss: 0.1955, Dice: 0.8719, IoU: 0.7742
2025-05-26 18:10:40,926 - INFO - Epoch 16/50
2025-05-26 18:10:40,927 - INFO - Train Loss: 0.2090, Dice: 0.8680, IoU: 0.7674
2025-05-26 18:10:40,927 - INFO - Val Loss: 0.1938, Dice: 0.8713, IoU: 0.7734
2025-05-26 18:11:06,172 - INFO - Epoch 17/50
2025-05-26 18:11:06,173 - INFO - Train Loss: 0.2092, Dice: 0.8679, IoU: 0.7673
2025-05-26 18:11:06,173 - INFO - Val Loss: 0.1877, Dice: 0.8755, IoU: 0.7800
2025-05-26 18:11:31,575 - INFO - Epoch 18/50
2025-05-26 18:11:31,575 - INFO - Train Loss: 0.2044, Dice: 0.8709, IoU: 0.7719
2025-05-26 18:11:31,575 - INFO - Val Loss: 0.1859, Dice: 0.8763, IoU: 0.7811
2025-05-26 18:11:56,995 - INFO - Epoch 19/50
2025-05-26 18:11:56,995 - INFO - Train Loss: 0.1979, Dice: 0.8749, IoU: 0.7780
2025-05-26 18:11:56,996 - INFO - Val Loss: 0.2056, Dice: 0.8626, IoU: 0.7605
2025-05-26 18:12:22,370 - INFO - Epoch 20/50
2025-05-26 18:12:22,370 - INFO - Train Loss: 0.2029, Dice: 0.8722, IoU: 0.7740
2025-05-26 18:12:22,371 - INFO - Val Loss: 0.1879, Dice: 0.8756, IoU: 0.7801
2025-05-26 18:12:47,808 - INFO - Epoch 21/50
2025-05-26 18:12:47,808 - INFO - Train Loss: 0.1956, Dice: 0.8761, IoU: 0.7800
2025-05-26 18:12:47,808 - INFO - Val Loss: 0.1877, Dice: 0.8754, IoU: 0.7799
2025-05-26 18:13:13,214 - INFO - Epoch 22/50
2025-05-26 18:13:13,214 - INFO - Train Loss: 0.1955, Dice: 0.8763, IoU: 0.7804
2025-05-26 18:13:13,214 - INFO - Val Loss: 0.1818, Dice: 0.8792, IoU: 0.7856
2025-05-26 18:13:38,678 - INFO - Epoch 23/50
2025-05-26 18:13:38,678 - INFO - Train Loss: 0.1970, Dice: 0.8754, IoU: 0.7791
2025-05-26 18:13:38,679 - INFO - Val Loss: 0.1783, Dice: 0.8814, IoU: 0.7891
2025-05-26 18:14:04,107 - INFO - Epoch 24/50
2025-05-26 18:14:04,107 - INFO - Train Loss: 0.2146, Dice: 0.8649, IoU: 0.7632
2025-05-26 18:14:04,107 - INFO - Val Loss: 0.1990, Dice: 0.8676, IoU: 0.7678
2025-05-26 18:14:29,481 - INFO - Epoch 25/50
2025-05-26 18:14:29,481 - INFO - Train Loss: 0.2068, Dice: 0.8694, IoU: 0.7696
2025-05-26 18:14:29,481 - INFO - Val Loss: 0.1834, Dice: 0.8786, IoU: 0.7845
2025-05-26 18:14:54,978 - INFO - Epoch 26/50
2025-05-26 18:14:54,978 - INFO - Train Loss: 0.1922, Dice: 0.8781, IoU: 0.7833
2025-05-26 18:14:54,978 - INFO - Val Loss: 0.1894, Dice: 0.8746, IoU: 0.7785
2025-05-26 18:15:20,377 - INFO - Epoch 27/50
2025-05-26 18:15:20,378 - INFO - Train Loss: 0.1985, Dice: 0.8744, IoU: 0.7775
2025-05-26 18:15:20,378 - INFO - Val Loss: 0.1821, Dice: 0.8792, IoU: 0.7856
2025-05-26 18:15:45,759 - INFO - Epoch 28/50
2025-05-26 18:15:45,759 - INFO - Train Loss: 0.1854, Dice: 0.8826, IoU: 0.7902
2025-05-26 18:15:45,759 - INFO - Val Loss: 0.1804, Dice: 0.8804, IoU: 0.7876
2025-05-26 18:15:45,760 - INFO - Early stopping triggered!
2025-05-26 18:15:45,896 - INFO - Training completed! Best model saved at checkpoints\pretrained_unet\best_pretrained_unet.pth
