2025-05-17 02:22:21,515 - INFO - Starting training U-Net...
2025-05-17 11:24:04,018 - INFO - Starting training U-Net...
2025-05-17 11:30:26,845 - INFO - Epoch 1/50
2025-05-17 11:30:26,845 - INFO - Train Loss: 0.7089, Dice: 0.6536, IoU: 0.4957
2025-05-17 11:30:26,845 - INFO - Val Loss: 0.4307, Dice: 0.7546, IoU: 0.6140
2025-05-17 11:36:24,252 - INFO - Epoch 2/50
2025-05-17 11:36:24,252 - INFO - Train Loss: 0.3568, Dice: 0.7877, IoU: 0.6512
2025-05-17 11:36:24,252 - INFO - Val Loss: 0.3670, Dice: 0.7643, IoU: 0.6295
2025-05-17 11:42:34,723 - INFO - Epoch 3/50
2025-05-17 11:42:34,723 - INFO - Train Loss: 0.3110, Dice: 0.8093, IoU: 0.6805
2025-05-17 11:42:34,723 - INFO - Val Loss: 0.2947, Dice: 0.8107, IoU: 0.6855
2025-05-17 11:49:08,918 - INFO - Epoch 4/50
2025-05-17 11:49:08,918 - INFO - Train Loss: 0.2817, Dice: 0.8257, IoU: 0.7038
2025-05-17 11:49:08,919 - INFO - Val Loss: 0.2903, Dice: 0.8180, IoU: 0.6969
2025-05-17 11:55:39,133 - INFO - Epoch 5/50
2025-05-17 11:55:39,133 - INFO - Train Loss: 0.2607, Dice: 0.8368, IoU: 0.7203
2025-05-17 11:55:39,133 - INFO - Val Loss: 0.2466, Dice: 0.8372, IoU: 0.7242
2025-05-17 12:02:14,746 - INFO - Epoch 6/50
2025-05-17 12:02:14,747 - INFO - Train Loss: 0.2404, Dice: 0.8492, IoU: 0.7385
2025-05-17 12:02:14,747 - INFO - Val Loss: 0.2367, Dice: 0.8491, IoU: 0.7402
2025-05-17 12:08:45,717 - INFO - Epoch 7/50
2025-05-17 12:08:45,717 - INFO - Train Loss: 0.2270, Dice: 0.8574, IoU: 0.7509
2025-05-17 12:08:45,718 - INFO - Val Loss: 0.2333, Dice: 0.8479, IoU: 0.7382
2025-05-17 12:15:16,969 - INFO - Epoch 8/50
2025-05-17 12:15:16,969 - INFO - Train Loss: 0.2120, Dice: 0.8659, IoU: 0.7641
2025-05-17 12:15:16,969 - INFO - Val Loss: 0.2560, Dice: 0.8375, IoU: 0.7219
2025-05-17 12:21:49,951 - INFO - Epoch 9/50
2025-05-17 12:21:49,951 - INFO - Train Loss: 0.2005, Dice: 0.8728, IoU: 0.7747
2025-05-17 12:21:49,951 - INFO - Val Loss: 0.1917, Dice: 0.8743, IoU: 0.7783
2025-05-17 12:28:20,576 - INFO - Epoch 10/50
2025-05-17 12:28:20,576 - INFO - Train Loss: 0.1899, Dice: 0.8791, IoU: 0.7846
2025-05-17 12:28:20,576 - INFO - Val Loss: 0.1862, Dice: 0.8773, IoU: 0.7826
2025-05-17 12:34:50,969 - INFO - Epoch 11/50
2025-05-17 12:34:50,970 - INFO - Train Loss: 0.1795, Dice: 0.8852, IoU: 0.7943
2025-05-17 12:34:50,970 - INFO - Val Loss: 0.1761, Dice: 0.8839, IoU: 0.7930
2025-05-17 12:41:19,342 - INFO - Epoch 12/50
2025-05-17 12:41:19,342 - INFO - Train Loss: 0.1731, Dice: 0.8891, IoU: 0.8005
2025-05-17 12:41:19,342 - INFO - Val Loss: 0.1802, Dice: 0.8811, IoU: 0.7884
2025-05-17 12:47:47,478 - INFO - Epoch 13/50
2025-05-17 12:47:47,478 - INFO - Train Loss: 0.1680, Dice: 0.8919, IoU: 0.8050
2025-05-17 12:47:47,478 - INFO - Val Loss: 0.1647, Dice: 0.8900, IoU: 0.8026
2025-05-17 12:54:22,094 - INFO - Epoch 14/50
2025-05-17 12:54:22,094 - INFO - Train Loss: 0.1617, Dice: 0.8955, IoU: 0.8110
2025-05-17 12:54:22,095 - INFO - Val Loss: 0.1680, Dice: 0.8874, IoU: 0.7988
2025-05-17 13:00:55,873 - INFO - Epoch 15/50
2025-05-17 13:00:55,873 - INFO - Train Loss: 0.1547, Dice: 0.8995, IoU: 0.8177
2025-05-17 13:00:55,873 - INFO - Val Loss: 0.1666, Dice: 0.8883, IoU: 0.8001
2025-05-17 13:07:27,344 - INFO - Epoch 16/50
2025-05-17 13:07:27,344 - INFO - Train Loss: 0.1618, Dice: 0.8954, IoU: 0.8108
2025-05-17 13:07:27,344 - INFO - Val Loss: 0.1566, Dice: 0.8944, IoU: 0.8098
2025-05-17 13:13:53,577 - INFO - Epoch 17/50
2025-05-17 13:13:53,577 - INFO - Train Loss: 0.1493, Dice: 0.9027, IoU: 0.8228
2025-05-17 13:13:53,577 - INFO - Val Loss: 0.1482, Dice: 0.8992, IoU: 0.8178
2025-05-17 13:20:25,662 - INFO - Epoch 18/50
2025-05-17 13:20:25,662 - INFO - Train Loss: 0.1423, Dice: 0.9069, IoU: 0.8297
2025-05-17 13:20:25,662 - INFO - Val Loss: 0.1500, Dice: 0.8982, IoU: 0.8162
2025-05-17 13:26:58,555 - INFO - Epoch 19/50
2025-05-17 13:26:58,555 - INFO - Train Loss: 0.1396, Dice: 0.9084, IoU: 0.8323
2025-05-17 13:26:58,556 - INFO - Val Loss: 0.1493, Dice: 0.8988, IoU: 0.8170
2025-05-17 13:33:34,199 - INFO - Epoch 20/50
2025-05-17 13:33:34,199 - INFO - Train Loss: 0.1383, Dice: 0.9092, IoU: 0.8337
2025-05-17 13:33:34,199 - INFO - Val Loss: 0.1431, Dice: 0.9029, IoU: 0.8238
2025-05-17 13:40:10,918 - INFO - Epoch 21/50
2025-05-17 13:40:10,918 - INFO - Train Loss: 0.1323, Dice: 0.9127, IoU: 0.8395
2025-05-17 13:40:10,919 - INFO - Val Loss: 0.1382, Dice: 0.9055, IoU: 0.8281
2025-05-17 13:46:42,410 - INFO - Epoch 22/50
2025-05-17 13:46:42,411 - INFO - Train Loss: 0.1289, Dice: 0.9146, IoU: 0.8428
2025-05-17 13:46:42,411 - INFO - Val Loss: 0.1364, Dice: 0.9060, IoU: 0.8290
2025-05-17 13:53:18,362 - INFO - Epoch 23/50
2025-05-17 13:53:18,362 - INFO - Train Loss: 0.1273, Dice: 0.9155, IoU: 0.8442
2025-05-17 13:53:18,362 - INFO - Val Loss: 0.1408, Dice: 0.9033, IoU: 0.8244
2025-05-17 13:59:50,951 - INFO - Epoch 24/50
2025-05-17 13:59:50,951 - INFO - Train Loss: 0.1237, Dice: 0.9176, IoU: 0.8478
2025-05-17 13:59:50,951 - INFO - Val Loss: 0.1334, Dice: 0.9080, IoU: 0.8323
2025-05-17 14:06:27,415 - INFO - Epoch 25/50
2025-05-17 14:06:27,416 - INFO - Train Loss: 0.1190, Dice: 0.9203, IoU: 0.8524
2025-05-17 14:06:27,416 - INFO - Val Loss: 0.1303, Dice: 0.9100, IoU: 0.8356
2025-05-17 14:13:04,710 - INFO - Epoch 26/50
2025-05-17 14:13:04,710 - INFO - Train Loss: 0.1189, Dice: 0.9204, IoU: 0.8526
2025-05-17 14:13:04,710 - INFO - Val Loss: 0.1277, Dice: 0.9118, IoU: 0.8386
2025-05-17 14:19:46,866 - INFO - Epoch 27/50
2025-05-17 14:19:46,866 - INFO - Train Loss: 0.1165, Dice: 0.9216, IoU: 0.8547
2025-05-17 14:19:46,867 - INFO - Val Loss: 0.1279, Dice: 0.9118, IoU: 0.8385
2025-05-17 14:26:21,729 - INFO - Epoch 28/50
2025-05-17 14:26:21,730 - INFO - Train Loss: 0.1141, Dice: 0.9230, IoU: 0.8571
2025-05-17 14:26:21,730 - INFO - Val Loss: 0.1309, Dice: 0.9104, IoU: 0.8362
2025-05-17 14:32:39,628 - INFO - Epoch 29/50
2025-05-17 14:32:39,629 - INFO - Train Loss: 0.1126, Dice: 0.9239, IoU: 0.8587
2025-05-17 14:32:39,629 - INFO - Val Loss: 0.1261, Dice: 0.9136, IoU: 0.8415
2025-05-17 14:38:43,838 - INFO - Epoch 30/50
2025-05-17 14:38:43,838 - INFO - Train Loss: 0.1102, Dice: 0.9253, IoU: 0.8610
2025-05-17 14:38:43,838 - INFO - Val Loss: 0.1230, Dice: 0.9155, IoU: 0.8447
2025-05-17 14:44:47,530 - INFO - Epoch 31/50
2025-05-17 14:44:47,530 - INFO - Train Loss: 0.1078, Dice: 0.9266, IoU: 0.8634
2025-05-17 14:44:47,530 - INFO - Val Loss: 0.1229, Dice: 0.9150, IoU: 0.8441
2025-05-17 14:50:59,785 - INFO - Epoch 32/50
2025-05-17 14:50:59,785 - INFO - Train Loss: 0.1080, Dice: 0.9266, IoU: 0.8634
2025-05-17 14:50:59,785 - INFO - Val Loss: 0.1189, Dice: 0.9186, IoU: 0.8501
2025-05-17 14:57:31,119 - INFO - Epoch 33/50
2025-05-17 14:57:31,119 - INFO - Train Loss: 0.1059, Dice: 0.9279, IoU: 0.8656
2025-05-17 14:57:31,119 - INFO - Val Loss: 0.1192, Dice: 0.9188, IoU: 0.8502
2025-05-17 15:04:04,253 - INFO - Epoch 34/50
2025-05-17 15:04:04,254 - INFO - Train Loss: 0.1056, Dice: 0.9282, IoU: 0.8661
2025-05-17 15:04:04,254 - INFO - Val Loss: 0.1172, Dice: 0.9198, IoU: 0.8520
2025-05-17 15:10:34,441 - INFO - Epoch 35/50
2025-05-17 15:10:34,441 - INFO - Train Loss: 0.1030, Dice: 0.9298, IoU: 0.8688
2025-05-17 15:10:34,442 - INFO - Val Loss: 0.1154, Dice: 0.9219, IoU: 0.8556
2025-05-17 15:17:17,632 - INFO - Epoch 36/50
2025-05-17 15:17:17,633 - INFO - Train Loss: 0.1012, Dice: 0.9309, IoU: 0.8708
2025-05-17 15:17:17,633 - INFO - Val Loss: 0.1163, Dice: 0.9210, IoU: 0.8541
2025-05-17 15:23:55,560 - INFO - Epoch 37/50
2025-05-17 15:23:55,560 - INFO - Train Loss: 0.1125, Dice: 0.9244, IoU: 0.8595
2025-05-17 15:23:55,560 - INFO - Val Loss: 0.1221, Dice: 0.9180, IoU: 0.8490
2025-05-17 15:30:33,405 - INFO - Epoch 38/50
2025-05-17 15:30:33,405 - INFO - Train Loss: 0.1035, Dice: 0.9296, IoU: 0.8685
2025-05-17 15:30:33,405 - INFO - Val Loss: 0.1170, Dice: 0.9201, IoU: 0.8526
2025-05-17 15:37:11,307 - INFO - Epoch 39/50
2025-05-17 15:37:11,307 - INFO - Train Loss: 0.0998, Dice: 0.9319, IoU: 0.8725
2025-05-17 15:37:11,307 - INFO - Val Loss: 0.1142, Dice: 0.9215, IoU: 0.8550
2025-05-17 15:43:49,203 - INFO - Epoch 40/50
2025-05-17 15:43:49,203 - INFO - Train Loss: 0.0972, Dice: 0.9333, IoU: 0.8751
2025-05-17 15:43:49,203 - INFO - Val Loss: 0.1058, Dice: 0.9272, IoU: 0.8648
2025-05-17 15:50:27,495 - INFO - Epoch 41/50
2025-05-17 15:50:27,495 - INFO - Train Loss: 0.0950, Dice: 0.9348, IoU: 0.8775
2025-05-17 15:50:27,495 - INFO - Val Loss: 0.1074, Dice: 0.9260, IoU: 0.8627
2025-05-17 15:57:05,335 - INFO - Epoch 42/50
2025-05-17 15:57:05,335 - INFO - Train Loss: 0.0947, Dice: 0.9348, IoU: 0.8776
2025-05-17 15:57:05,335 - INFO - Val Loss: 0.1060, Dice: 0.9270, IoU: 0.8644
2025-05-17 16:03:43,249 - INFO - Epoch 43/50
2025-05-17 16:03:43,249 - INFO - Train Loss: 0.0935, Dice: 0.9355, IoU: 0.8789
2025-05-17 16:03:43,249 - INFO - Val Loss: 0.1066, Dice: 0.9270, IoU: 0.8644
2025-05-17 16:10:21,133 - INFO - Epoch 44/50
2025-05-17 16:10:21,133 - INFO - Train Loss: 0.1008, Dice: 0.9314, IoU: 0.8717
2025-05-17 16:10:21,133 - INFO - Val Loss: 0.1071, Dice: 0.9264, IoU: 0.8633
2025-05-17 16:16:58,994 - INFO - Epoch 45/50
2025-05-17 16:16:58,994 - INFO - Train Loss: 0.0943, Dice: 0.9351, IoU: 0.8782
2025-05-17 16:16:58,994 - INFO - Val Loss: 0.1059, Dice: 0.9274, IoU: 0.8650
2025-05-17 16:23:37,310 - INFO - Epoch 46/50
2025-05-17 16:23:37,310 - INFO - Train Loss: 0.0919, Dice: 0.9365, IoU: 0.8806
2025-05-17 16:23:37,310 - INFO - Val Loss: 0.1043, Dice: 0.9286, IoU: 0.8672
2025-05-17 16:30:15,308 - INFO - Epoch 47/50
2025-05-17 16:30:15,308 - INFO - Train Loss: 0.0906, Dice: 0.9373, IoU: 0.8820
2025-05-17 16:30:15,308 - INFO - Val Loss: 0.1041, Dice: 0.9280, IoU: 0.8661
2025-05-17 16:36:53,226 - INFO - Epoch 48/50
2025-05-17 16:36:53,226 - INFO - Train Loss: 0.0902, Dice: 0.9375, IoU: 0.8824
2025-05-17 16:36:53,227 - INFO - Val Loss: 0.1045, Dice: 0.9281, IoU: 0.8663
2025-05-17 16:43:31,113 - INFO - Epoch 49/50
2025-05-17 16:43:31,113 - INFO - Train Loss: 0.0902, Dice: 0.9375, IoU: 0.8824
2025-05-17 16:43:31,113 - INFO - Val Loss: 0.1044, Dice: 0.9279, IoU: 0.8660
2025-05-17 16:50:08,999 - INFO - Epoch 50/50
2025-05-17 16:50:08,999 - INFO - Train Loss: 0.0899, Dice: 0.9376, IoU: 0.8827
2025-05-17 16:50:09,000 - INFO - Val Loss: 0.1051, Dice: 0.9277, IoU: 0.8657
2025-05-17 16:50:09,632 - INFO - Training completed! Best model saved at checkpoints\unet\best_unet.pth
