2025-05-31 13:22:27,362 - INFO - Using device: cuda
2025-05-31 13:22:27,792 - INFO - Training model: unetpppretrained
2025-05-31 13:22:27,792 - INFO - Deep supervision: enabled
2025-05-31 13:22:27,794 - INFO - Starting training UNETPPPRETRAINED...
2025-05-31 13:23:18,160 - INFO - Epoch 1/50
2025-05-31 13:23:18,160 - INFO - Train Loss: 1.2923, Dice: 0.1919, IoU: 0.1182
2025-05-31 13:23:18,160 - INFO - Val Loss: 0.9779, Dice: 0.4644, IoU: 0.3086
2025-05-31 13:24:09,089 - INFO - Epoch 2/50
2025-05-31 13:24:09,089 - INFO - Train Loss: 1.1946, Dice: 0.4106, IoU: 0.2594
2025-05-31 13:24:09,090 - INFO - Val Loss: 0.8949, Dice: 0.4984, IoU: 0.3373
2025-05-31 13:24:59,345 - INFO - Epoch 3/50
2025-05-31 13:24:59,345 - INFO - Train Loss: 1.1830, Dice: 0.4149, IoU: 0.2629
2025-05-31 13:24:59,345 - INFO - Val Loss: 0.8678, Dice: 0.5021, IoU: 0.3404
2025-05-31 13:25:49,474 - INFO - Epoch 4/50
2025-05-31 13:25:49,475 - INFO - Train Loss: 1.1749, Dice: 0.4183, IoU: 0.2659
2025-05-31 13:25:49,475 - INFO - Val Loss: 0.8582, Dice: 0.5030, IoU: 0.3410
2025-05-31 13:26:37,485 - INFO - Epoch 5/50
2025-05-31 13:26:37,485 - INFO - Train Loss: 1.1676, Dice: 0.4223, IoU: 0.2690
2025-05-31 13:26:37,485 - INFO - Val Loss: 0.8572, Dice: 0.5066, IoU: 0.3439
2025-05-31 13:27:25,458 - INFO - Epoch 6/50
2025-05-31 13:27:25,458 - INFO - Train Loss: 1.1617, Dice: 0.4259, IoU: 0.2720
2025-05-31 13:27:25,458 - INFO - Val Loss: 0.8454, Dice: 0.5009, IoU: 0.3391
2025-05-31 13:28:13,029 - INFO - Epoch 7/50
2025-05-31 13:28:13,029 - INFO - Train Loss: 1.1570, Dice: 0.4283, IoU: 0.2736
2025-05-31 13:28:13,029 - INFO - Val Loss: 0.8427, Dice: 0.5053, IoU: 0.3427
2025-05-31 13:29:00,781 - INFO - Epoch 8/50
2025-05-31 13:29:00,781 - INFO - Train Loss: 1.1527, Dice: 0.4313, IoU: 0.2761
2025-05-31 13:29:00,781 - INFO - Val Loss: 0.8390, Dice: 0.5042, IoU: 0.3417
2025-05-31 13:29:48,546 - INFO - Epoch 9/50
2025-05-31 13:29:48,546 - INFO - Train Loss: 1.1475, Dice: 0.4332, IoU: 0.2778
2025-05-31 13:29:48,547 - INFO - Val Loss: 0.8366, Dice: 0.5063, IoU: 0.3434
2025-05-31 13:30:36,350 - INFO - Epoch 10/50
2025-05-31 13:30:36,350 - INFO - Train Loss: 1.1428, Dice: 0.4343, IoU: 0.2785
2025-05-31 13:30:36,351 - INFO - Val Loss: 0.8337, Dice: 0.5089, IoU: 0.3455
2025-05-31 13:30:36,533 - INFO - Unfreezing encoder from layer4 for fine-tuning...
2025-05-31 13:31:24,576 - INFO - Epoch 11/50
2025-05-31 13:31:24,576 - INFO - Train Loss: 1.1395, Dice: 0.4392, IoU: 0.2824
2025-05-31 13:31:24,576 - INFO - Val Loss: 0.8300, Dice: 0.5098, IoU: 0.3465
2025-05-31 13:32:12,507 - INFO - Epoch 12/50
2025-05-31 13:32:12,508 - INFO - Train Loss: 1.1402, Dice: 0.4360, IoU: 0.2801
2025-05-31 13:32:12,508 - INFO - Val Loss: 0.8311, Dice: 0.5047, IoU: 0.3420
2025-05-31 13:33:00,318 - INFO - Epoch 13/50
2025-05-31 13:33:00,318 - INFO - Train Loss: 1.1389, Dice: 0.4382, IoU: 0.2819
2025-05-31 13:33:00,318 - INFO - Val Loss: 0.8288, Dice: 0.5064, IoU: 0.3436
2025-05-31 13:33:48,070 - INFO - Epoch 14/50
2025-05-31 13:33:48,070 - INFO - Train Loss: 1.1390, Dice: 0.4368, IoU: 0.2807
2025-05-31 13:33:48,071 - INFO - Val Loss: 0.8305, Dice: 0.5107, IoU: 0.3472
2025-05-31 13:34:35,871 - INFO - Epoch 15/50
2025-05-31 13:34:35,871 - INFO - Train Loss: 1.1381, Dice: 0.4378, IoU: 0.2816
2025-05-31 13:34:35,871 - INFO - Val Loss: 0.8274, Dice: 0.5027, IoU: 0.3404
2025-05-31 13:35:23,682 - INFO - Epoch 16/50
2025-05-31 13:35:23,683 - INFO - Train Loss: 1.1370, Dice: 0.4383, IoU: 0.2819
2025-05-31 13:35:23,683 - INFO - Val Loss: 0.8267, Dice: 0.5065, IoU: 0.3436
2025-05-31 13:36:11,499 - INFO - Epoch 17/50
2025-05-31 13:36:11,499 - INFO - Train Loss: 1.1360, Dice: 0.4388, IoU: 0.2822
2025-05-31 13:36:11,499 - INFO - Val Loss: 0.8245, Dice: 0.5066, IoU: 0.3437
2025-05-31 13:36:59,266 - INFO - Epoch 18/50
2025-05-31 13:36:59,266 - INFO - Train Loss: 1.1360, Dice: 0.4386, IoU: 0.2821
2025-05-31 13:36:59,266 - INFO - Val Loss: 0.8269, Dice: 0.5090, IoU: 0.3458
2025-05-31 13:37:47,032 - INFO - Epoch 19/50
2025-05-31 13:37:47,032 - INFO - Train Loss: 1.1351, Dice: 0.4399, IoU: 0.2832
2025-05-31 13:37:47,033 - INFO - Val Loss: 0.8272, Dice: 0.5039, IoU: 0.3413
2025-05-31 13:37:47,033 - INFO - Early stopping triggered!
2025-05-31 13:37:47,133 - INFO - Training completed! Best model saved at checkpoints\unetpppretrained\best_unetpppretrained.pth
